<?xml version="1.0" encoding="UTF-8"?>
<testsuite name="shop.domain.order.OrderLineTest" tests="1" skipped="0" failures="0" errors="0" timestamp="2016-04-26T12:48:16" hostname="Noah" time="0.002">
  <properties/>
  <testcase name="shouldCalculateCostOfTwoProducts" classname="shop.domain.order.OrderLineTest" time="0.002"/>
  <system-out><![CDATA[]]></system-out>
  <system-err><![CDATA[]]></system-err>
</testsuite>
